# JRE version: Java(TM) SE Runtime Environment (8.0_102-b14) (build 1.8.0_102-b14)
# Java VM: Java HotSpot(TM) 64-Bit Server VM (25.102-b14 mixed mode windows-amd64 compressed oops)
Heap:
 PSYoungGen      total 271872K, used 131565K [0x00000000eab00000, 0x0000000100000000, 0x0000000100000000)
  eden space 219648K, 44% used [0x00000000eab00000,0x00000000f0aa4628,0x00000000f8180000)
  from space 52224K, 64% used [0x00000000f8180000,0x00000000fa2570e8,0x00000000fb480000)
  to   space 54272K, 0% used [0x00000000fcb00000,0x00000000fcb00000,0x0000000100000000)
 ParOldGen       total 149504K, used 119233K [0x00000000c0000000, 0x00000000c9200000, 0x00000000eab00000)
  object space 149504K, 79% used [0x00000000c0000000,0x00000000c7470508,0x00000000c9200000)
 Metaspace       used 6608K, capacity 7320K, committed 7680K, reserved 1056768K
  class space    used 628K, capacity 656K, committed 768K, reserved 1048576K
GC Heap History (10 events):
Event: 4.810 GC heap before
{Heap before GC invocations=11 (full 1):
 PSYoungGen      total 223232K, used 29322K [0x00000000eab00000, 0x00000000fb100000, 0x0000000100000000)
  eden space 193536K, 0% used [0x00000000eab00000,0x00000000eab00000,0x00000000f6800000)
  from space 29696K, 98% used [0x00000000f8a00000,0x00000000fa6a2a30,0x00000000fa700000)
  to   space 34816K, 0% used [0x00000000f6800000,0x00000000f6800000,0x00000000f8a00000)
 ParOldGen       total 44032K, used 40083K [0x00000000c0000000, 0x00000000c2b00000, 0x00000000eab00000)
  object space 44032K, 91% used [0x00000000c0000000,0x00000000c2724c88,0x00000000c2b00000)
 Metaspace       used 6546K, capacity 7256K, committed 7424K, reserved 1056768K
  class space    used 628K, capacity 656K, committed 768K, reserved 1048576K
Event: 5.816 GC heap after
Heap after GC invocations=11 (full 1):
 PSYoungGen      total 223232K, used 20407K [0x00000000eab00000, 0x00000000fb100000, 0x0000000100000000)
  eden space 193536K, 0% used [0x00000000eab00000,0x00000000eab00000,0x00000000f6800000)
  from space 29696K, 68% used [0x00000000f8a00000,0x00000000f9deddd8,0x00000000fa700000)
  to   space 34816K, 0% used [0x00000000f6800000,0x00000000f6800000,0x00000000f8a00000)
 ParOldGen       total 82432K, used 43543K [0x00000000c0000000, 0x00000000c5080000, 0x00000000eab00000)
  object space 82432K, 52% used [0x00000000c0000000,0x00000000c2a85e08,0x00000000c5080000)
 Metaspace       used 6546K, capacity 7256K, committed 7424K, reserved 1056768K
  class space    used 628K, capacity 656K, committed 768K, reserved 1048576K
}
Event: 6.973 GC heap before
{Heap before GC invocations=12 (full 1):
 PSYoungGen      total 223232K, used 213943K [0x00000000eab00000, 0x00000000fb100000, 0x0000000100000000)
  eden space 193536K, 100% used [0x00000000eab00000,0x00000000f6800000,0x00000000f6800000)
  from space 29696K, 68% used [0x00000000f8a00000,0x00000000f9deddd8,0x00000000fa700000)
  to   space 34816K, 0% used [0x00000000f6800000,0x00000000f6800000,0x00000000f8a00000)
 ParOldGen       total 82432K, used 43543K [0x00000000c0000000, 0x00000000c5080000, 0x00000000eab00000)
  object space 82432K, 52% used [0x00000000c0000000,0x00000000c2a85e08,0x00000000c5080000)
 Metaspace       used 6593K, capacity 7320K, committed 7680K, reserved 1056768K
  class space    used 628K, capacity 656K, committed 768K, reserved 1048576K
Event: 7.112 GC heap after
Heap after GC invocations=12 (full 1):
 PSYoungGen      total 228352K, used 28956K [0x00000000eab00000, 0x00000000fda00000, 0x0000000100000000)
  eden space 193536K, 0% used [0x00000000eab00000,0x00000000eab00000,0x00000000f6800000)
  from space 34816K, 83% used [0x00000000f6800000,0x00000000f84472f8,0x00000000f8a00000)
  to   space 38400K, 0% used [0x00000000fb480000,0x00000000fb480000,0x00000000fda00000)
 ParOldGen       total 82432K, used 62618K [0x00000000c0000000, 0x00000000c5080000, 0x00000000eab00000)
  object space 82432K, 75% used [0x00000000c0000000,0x00000000c3d26ba8,0x00000000c5080000)
 Metaspace       used 6593K, capacity 7320K, committed 7680K, reserved 1056768K
  class space    used 628K, capacity 656K, committed 768K, reserved 1048576K
}
Event: 8.346 GC heap before
{Heap before GC invocations=13 (full 1):
 PSYoungGen      total 228352K, used 222492K [0x00000000eab00000, 0x00000000fda00000, 0x0000000100000000)
  eden space 193536K, 100% used [0x00000000eab00000,0x00000000f6800000,0x00000000f6800000)
  from space 34816K, 83% used [0x00000000f6800000,0x00000000f84472f8,0x00000000f8a00000)
  to   space 38400K, 0% used [0x00000000fb480000,0x00000000fb480000,0x00000000fda00000)
 ParOldGen       total 82432K, used 62618K [0x00000000c0000000, 0x00000000c5080000, 0x00000000eab00000)
  object space 82432K, 75% used [0x00000000c0000000,0x00000000c3d26ba8,0x00000000c5080000)
 Metaspace       used 6601K, capacity 7320K, committed 7680K, reserved 1056768K
  class space    used 628K, capacity 656K, committed 768K, reserved 1048576K
Event: 8.633 GC heap after
Heap after GC invocations=13 (full 1):
 PSYoungGen      total 258048K, used 38394K [0x00000000eab00000, 0x00000000ffb80000, 0x0000000100000000)
  eden space 219648K, 0% used [0x00000000eab00000,0x00000000eab00000,0x00000000f8180000)
  from space 38400K, 99% used [0x00000000fb480000,0x00000000fd9fea18,0x00000000fda00000)
  to   space 52224K, 0% used [0x00000000f8180000,0x00000000f8180000,0x00000000fb480000)
 ParOldGen       total 82432K, used 81686K [0x00000000c0000000, 0x00000000c5080000, 0x00000000eab00000)
  object space 82432K, 99% used [0x00000000c0000000,0x00000000c4fc5b28,0x00000000c5080000)
 Metaspace       used 6601K, capacity 7320K, committed 7680K, reserved 1056768K
  class space    used 628K, capacity 656K, committed 768K, reserved 1048576K
}
Event: 8.633 GC heap before
{Heap before GC invocations=14 (full 2):
 PSYoungGen      total 258048K, used 38394K [0x00000000eab00000, 0x00000000ffb80000, 0x0000000100000000)
  eden space 219648K, 0% used [0x00000000eab00000,0x00000000eab00000,0x00000000f8180000)
  from space 38400K, 99% used [0x00000000fb480000,0x00000000fd9fea18,0x00000000fda00000)
  to   space 52224K, 0% used [0x00000000f8180000,0x00000000f8180000,0x00000000fb480000)
 ParOldGen       total 82432K, used 81686K [0x00000000c0000000, 0x00000000c5080000, 0x00000000eab00000)
  object space 82432K, 99% used [0x00000000c0000000,0x00000000c4fc5b28,0x00000000c5080000)
 Metaspace       used 6601K, capacity 7320K, committed 7680K, reserved 1056768K
  class space    used 628K, capacity 656K, committed 768K, reserved 1048576K
Event: 10.401 GC heap after
Heap after GC invocations=14 (full 2):
 PSYoungGen      total 258048K, used 36740K [0x00000000eab00000, 0x00000000ffb80000, 0x0000000100000000)
  eden space 219648K, 0% used [0x00000000eab00000,0x00000000eab00000,0x00000000f8180000)
  from space 38400K, 95% used [0x00000000fb480000,0x00000000fd861070,0x00000000fda00000)
  to   space 52224K, 0% used [0x00000000f8180000,0x00000000f8180000,0x00000000fb480000)
 ParOldGen       total 149504K, used 82186K [0x00000000c0000000, 0x00000000c9200000, 0x00000000eab00000)
  object space 149504K, 54% used [0x00000000c0000000,0x00000000c5042a28,0x00000000c9200000)
 Metaspace       used 6601K, capacity 7320K, committed 7680K, reserved 1056768K
  class space    used 628K, capacity 656K, committed 768K, reserved 1048576K
}
Event: 11.850 GC heap before
{Heap before GC invocations=15 (full 2):
 PSYoungGen      total 258048K, used 256388K [0x00000000eab00000, 0x00000000ffb80000, 0x0000000100000000)
  eden space 219648K, 100% used [0x00000000eab00000,0x00000000f8180000,0x00000000f8180000)
  from space 38400K, 95% used [0x00000000fb480000,0x00000000fd861070,0x00000000fda00000)
  to   space 52224K, 0% used [0x00000000f8180000,0x00000000f8180000,0x00000000fb480000)
 ParOldGen       total 149504K, used 82186K [0x00000000c0000000, 0x00000000c9200000, 0x00000000eab00000)
  object space 149504K, 54% used [0x00000000c0000000,0x00000000c5042a28,0x00000000c9200000)
 Metaspace       used 6606K, capacity 7320K, committed 7680K, reserved 1056768K
  class space    used 628K, capacity 656K, committed 768K, reserved 1048576K
Event: 12.065 GC heap after
Heap after GC invocations=15 (full 2):
 PSYoungGen      total 271872K, used 33628K [0x00000000eab00000, 0x0000000100000000, 0x0000000100000000)
  eden space 219648K, 0% used [0x00000000eab00000,0x00000000eab00000,0x00000000f8180000)
  from space 52224K, 64% used [0x00000000f8180000,0x00000000fa2570e8,0x00000000fb480000)
  to   space 54272K, 0% used [0x00000000fcb00000,0x00000000fcb00000,0x0000000100000000)
 ParOldGen       total 149504K, used 119233K [0x00000000c0000000, 0x00000000c9200000, 0x00000000eab00000)
  object space 149504K, 79% used [0x00000000c0000000,0x00000000c7470508,0x00000000c9200000)
 Metaspace       used 6606K, capacity 7320K, committed 7680K, reserved 1056768K
  class space    used 628K, capacity 656K, committed 768K, reserved 1048576K
}

