# JRE version: Java(TM) SE Runtime Environment (8.0_102-b14) (build 1.8.0_102-b14)
# Java VM: Java HotSpot(TM) 64-Bit Server VM (25.102-b14 mixed mode windows-amd64 compressed oops)
Heap:
 PSYoungGen      total 224256K, used 152344K [0x00000000eab00000, 0x00000000fc600000, 0x0000000100000000)
  eden space 208896K, 72% used [0x00000000eab00000,0x00000000f3fc6010,0x00000000f7700000)
  from space 15360K, 0% used [0x00000000fb700000,0x00000000fb700000,0x00000000fc600000)
  to   space 29696K, 0% used [0x00000000f9a00000,0x00000000f9a00000,0x00000000fb700000)
 ParOldGen       total 103936K, used 103697K [0x00000000c0000000, 0x00000000c6580000, 0x00000000eab00000)
  object space 103936K, 99% used [0x00000000c0000000,0x00000000c6544400,0x00000000c6580000)
 Metaspace       used 6673K, capacity 7320K, committed 7680K, reserved 1056768K
  class space    used 633K, capacity 656K, committed 768K, reserved 1048576K
GC Heap History (10 events):
Event: 8.392 GC heap before
{Heap before GC invocations=12 (full 2):
 PSYoungGen      total 224256K, used 15348K [0x00000000eab00000, 0x00000000fc600000, 0x0000000100000000)
  eden space 208896K, 0% used [0x00000000eab00000,0x00000000eab00000,0x00000000f7700000)
  from space 15360K, 99% used [0x00000000fb700000,0x00000000fc5fd1d0,0x00000000fc600000)
  to   space 29696K, 0% used [0x00000000f9a00000,0x00000000f9a00000,0x00000000fb700000)
 ParOldGen       total 103936K, used 103466K [0x00000000c0000000, 0x00000000c6580000, 0x00000000eab00000)
  object space 103936K, 99% used [0x00000000c0000000,0x00000000c650aac8,0x00000000c6580000)
 Metaspace       used 6597K, capacity 7320K, committed 7680K, reserved 1056768K
  class space    used 628K, capacity 656K, committed 768K, reserved 1048576K
Event: 10.267 GC heap after
Heap after GC invocations=12 (full 2):
 PSYoungGen      total 224256K, used 11582K [0x00000000eab00000, 0x00000000fc600000, 0x0000000100000000)
  eden space 208896K, 0% used [0x00000000eab00000,0x00000000eab00000,0x00000000f7700000)
  from space 15360K, 75% used [0x00000000fb700000,0x00000000fc24fbd0,0x00000000fc600000)
  to   space 29696K, 0% used [0x00000000f9a00000,0x00000000f9a00000,0x00000000fb700000)
 ParOldGen       total 103936K, used 103096K [0x00000000c0000000, 0x00000000c6580000, 0x00000000eab00000)
  object space 103936K, 99% used [0x00000000c0000000,0x00000000c64ae110,0x00000000c6580000)
 Metaspace       used 6597K, capacity 7320K, committed 7680K, reserved 1056768K
  class space    used 628K, capacity 656K, committed 768K, reserved 1048576K
}
Event: 12.199 GC heap before
{Heap before GC invocations=13 (full 3):
 PSYoungGen      total 224256K, used 220478K [0x00000000eab00000, 0x00000000fc600000, 0x0000000100000000)
  eden space 208896K, 100% used [0x00000000eab00000,0x00000000f7700000,0x00000000f7700000)
  from space 15360K, 75% used [0x00000000fb700000,0x00000000fc24fbd0,0x00000000fc600000)
  to   space 29696K, 0% used [0x00000000f9a00000,0x00000000f9a00000,0x00000000fb700000)
 ParOldGen       total 103936K, used 103096K [0x00000000c0000000, 0x00000000c6580000, 0x00000000eab00000)
  object space 103936K, 99% used [0x00000000c0000000,0x00000000c64ae110,0x00000000c6580000)
 Metaspace       used 6603K, capacity 7320K, committed 7680K, reserved 1056768K
  class space    used 628K, capacity 656K, committed 768K, reserved 1048576K
Event: 13.423 GC heap after
Heap after GC invocations=13 (full 3):
 PSYoungGen      total 224256K, used 39642K [0x00000000eab00000, 0x00000000fc600000, 0x0000000100000000)
  eden space 208896K, 18% used [0x00000000eab00000,0x00000000ed1b6a98,0x00000000f7700000)
  from space 15360K, 0% used [0x00000000fb700000,0x00000000fb700000,0x00000000fc600000)
  to   space 29696K, 0% used [0x00000000f9a00000,0x00000000f9a00000,0x00000000fb700000)
 ParOldGen       total 103936K, used 103910K [0x00000000c0000000, 0x00000000c6580000, 0x00000000eab00000)
  object space 103936K, 99% used [0x00000000c0000000,0x00000000c6579990,0x00000000c6580000)
 Metaspace       used 6603K, capacity 7320K, committed 7680K, reserved 1056768K
  class space    used 628K, capacity 656K, committed 768K, reserved 1048576K
}
Event: 15.499 GC heap before
{Heap before GC invocations=14 (full 4):
 PSYoungGen      total 224256K, used 208896K [0x00000000eab00000, 0x00000000fc600000, 0x0000000100000000)
  eden space 208896K, 100% used [0x00000000eab00000,0x00000000f7700000,0x00000000f7700000)
  from space 15360K, 0% used [0x00000000fb700000,0x00000000fb700000,0x00000000fc600000)
  to   space 29696K, 0% used [0x00000000f9a00000,0x00000000f9a00000,0x00000000fb700000)
 ParOldGen       total 103936K, used 103910K [0x00000000c0000000, 0x00000000c6580000, 0x00000000eab00000)
  object space 103936K, 99% used [0x00000000c0000000,0x00000000c6579990,0x00000000c6580000)
 Metaspace       used 6608K, capacity 7320K, committed 7680K, reserved 1056768K
  class space    used 628K, capacity 656K, committed 768K, reserved 1048576K
Event: 16.757 GC heap after
Heap after GC invocations=14 (full 4):
 PSYoungGen      total 224256K, used 66180K [0x00000000eab00000, 0x00000000fc600000, 0x0000000100000000)
  eden space 208896K, 31% used [0x00000000eab00000,0x00000000eeba1008,0x00000000f7700000)
  from space 15360K, 0% used [0x00000000fb700000,0x00000000fb700000,0x00000000fc600000)
  to   space 29696K, 0% used [0x00000000f9a00000,0x00000000f9a00000,0x00000000fb700000)
 ParOldGen       total 103936K, used 103704K [0x00000000c0000000, 0x00000000c6580000, 0x00000000eab00000)
  object space 103936K, 99% used [0x00000000c0000000,0x00000000c65461e0,0x00000000c6580000)
 Metaspace       used 6608K, capacity 7320K, committed 7680K, reserved 1056768K
  class space    used 628K, capacity 656K, committed 768K, reserved 1048576K
}
Event: 18.273 GC heap before
{Heap before GC invocations=15 (full 5):
 PSYoungGen      total 224256K, used 208896K [0x00000000eab00000, 0x00000000fc600000, 0x0000000100000000)
  eden space 208896K, 100% used [0x00000000eab00000,0x00000000f7700000,0x00000000f7700000)
  from space 15360K, 0% used [0x00000000fb700000,0x00000000fb700000,0x00000000fc600000)
  to   space 29696K, 0% used [0x00000000f9a00000,0x00000000f9a00000,0x00000000fb700000)
 ParOldGen       total 103936K, used 103704K [0x00000000c0000000, 0x00000000c6580000, 0x00000000eab00000)
  object space 103936K, 99% used [0x00000000c0000000,0x00000000c65461e0,0x00000000c6580000)
 Metaspace       used 6623K, capacity 7320K, committed 7680K, reserved 1056768K
  class space    used 628K, capacity 656K, committed 768K, reserved 1048576K
Event: 19.782 GC heap after
Heap after GC invocations=15 (full 5):
 PSYoungGen      total 224256K, used 86426K [0x00000000eab00000, 0x00000000fc600000, 0x0000000100000000)
  eden space 208896K, 41% used [0x00000000eab00000,0x00000000eff668b0,0x00000000f7700000)
  from space 15360K, 0% used [0x00000000fb700000,0x00000000fb700000,0x00000000fc600000)
  to   space 29696K, 0% used [0x00000000f9a00000,0x00000000f9a00000,0x00000000fb700000)
 ParOldGen       total 103936K, used 103701K [0x00000000c0000000, 0x00000000c6580000, 0x00000000eab00000)
  object space 103936K, 99% used [0x00000000c0000000,0x00000000c6545440,0x00000000c6580000)
 Metaspace       used 6623K, capacity 7320K, committed 7680K, reserved 1056768K
  class space    used 628K, capacity 656K, committed 768K, reserved 1048576K
}
Event: 20.542 GC heap before
{Heap before GC invocations=16 (full 6):
 PSYoungGen      total 224256K, used 208896K [0x00000000eab00000, 0x00000000fc600000, 0x0000000100000000)
  eden space 208896K, 100% used [0x00000000eab00000,0x00000000f7700000,0x00000000f7700000)
  from space 15360K, 0% used [0x00000000fb700000,0x00000000fb700000,0x00000000fc600000)
  to   space 29696K, 0% used [0x00000000f9a00000,0x00000000f9a00000,0x00000000fb700000)
 ParOldGen       total 103936K, used 103701K [0x00000000c0000000, 0x00000000c6580000, 0x00000000eab00000)
  object space 103936K, 99% used [0x00000000c0000000,0x00000000c6545440,0x00000000c6580000)
 Metaspace       used 6629K, capacity 7320K, committed 7680K, reserved 1056768K
  class space    used 628K, capacity 656K, committed 768K, reserved 1048576K
Event: 22.935 GC heap after
Heap after GC invocations=16 (full 6):
 PSYoungGen      total 224256K, used 104641K [0x00000000eab00000, 0x00000000fc600000, 0x0000000100000000)
  eden space 208896K, 50% used [0x00000000eab00000,0x00000000f1130678,0x00000000f7700000)
  from space 15360K, 0% used [0x00000000fb700000,0x00000000fb700000,0x00000000fc600000)
  to   space 29696K, 0% used [0x00000000f9a00000,0x00000000f9a00000,0x00000000fb700000)
 ParOldGen       total 103936K, used 103697K [0x00000000c0000000, 0x00000000c6580000, 0x00000000eab00000)
  object space 103936K, 99% used [0x00000000c0000000,0x00000000c6544400,0x00000000c6580000)
 Metaspace       used 6629K, capacity 7320K, committed 7680K, reserved 1056768K
  class space    used 628K, capacity 656K, committed 768K, reserved 1048576K
}

