# JRE version: Java(TM) SE Runtime Environment (8.0_102-b14) (build 1.8.0_102-b14)
# Java VM: Java HotSpot(TM) 64-Bit Server VM (25.102-b14 mixed mode windows-amd64 compressed oops)
Heap:
 PSYoungGen      total 254464K, used 217088K [0x00000000eab00000, 0x00000000ff100000, 0x0000000100000000)
  eden space 217088K, 100% used [0x00000000eab00000,0x00000000f7f00000,0x00000000f7f00000)
  from space 37376K, 0% used [0x00000000faf80000,0x00000000faf80000,0x00000000fd400000)
  to   space 49664K, 0% used [0x00000000f7f00000,0x00000000f7f00000,0x00000000faf80000)
 ParOldGen       total 83968K, used 83732K [0x00000000c0000000, 0x00000000c5200000, 0x00000000eab00000)
  object space 83968K, 99% used [0x00000000c0000000,0x00000000c51c5068,0x00000000c5200000)
 Metaspace       used 6734K, capacity 7384K, committed 7680K, reserved 1056768K
  class space    used 634K, capacity 656K, committed 768K, reserved 1048576K
GC Heap History (10 events):
Event: 12.355 GC heap after
Heap after GC invocations=14 (full 2):
 PSYoungGen      total 254464K, used 32631K [0x00000000eab00000, 0x00000000ff100000, 0x0000000100000000)
  eden space 217088K, 0% used [0x00000000eab00000,0x00000000eab00000,0x00000000f7f00000)
  from space 37376K, 87% used [0x00000000faf80000,0x00000000fcf5df68,0x00000000fd400000)
  to   space 49664K, 0% used [0x00000000f7f00000,0x00000000f7f00000,0x00000000faf80000)
 ParOldGen       total 83968K, used 83829K [0x00000000c0000000, 0x00000000c5200000, 0x00000000eab00000)
  object space 83968K, 99% used [0x00000000c0000000,0x00000000c51dd580,0x00000000c5200000)
 Metaspace       used 6600K, capacity 7320K, committed 7680K, reserved 1056768K
  class space    used 628K, capacity 656K, committed 768K, reserved 1048576K
}
Event: 13.792 GC heap before
{Heap before GC invocations=15 (full 3):
 PSYoungGen      total 254464K, used 249719K [0x00000000eab00000, 0x00000000ff100000, 0x0000000100000000)
  eden space 217088K, 100% used [0x00000000eab00000,0x00000000f7f00000,0x00000000f7f00000)
  from space 37376K, 87% used [0x00000000faf80000,0x00000000fcf5df68,0x00000000fd400000)
  to   space 49664K, 0% used [0x00000000f7f00000,0x00000000f7f00000,0x00000000faf80000)
 ParOldGen       total 83968K, used 83829K [0x00000000c0000000, 0x00000000c5200000, 0x00000000eab00000)
  object space 83968K, 99% used [0x00000000c0000000,0x00000000c51dd580,0x00000000c5200000)
 Metaspace       used 6606K, capacity 7320K, committed 7680K, reserved 1056768K
  class space    used 628K, capacity 656K, committed 768K, reserved 1048576K
Event: 15.021 GC heap after
Heap after GC invocations=15 (full 3):
 PSYoungGen      total 254464K, used 61725K [0x00000000eab00000, 0x00000000ff100000, 0x0000000100000000)
  eden space 217088K, 28% used [0x00000000eab00000,0x00000000ee7476c0,0x00000000f7f00000)
  from space 37376K, 0% used [0x00000000faf80000,0x00000000faf80000,0x00000000fd400000)
  to   space 49664K, 0% used [0x00000000f7f00000,0x00000000f7f00000,0x00000000faf80000)
 ParOldGen       total 83968K, used 83911K [0x00000000c0000000, 0x00000000c5200000, 0x00000000eab00000)
  object space 83968K, 99% used [0x00000000c0000000,0x00000000c51f1fe8,0x00000000c5200000)
 Metaspace       used 6606K, capacity 7320K, committed 7680K, reserved 1056768K
  class space    used 628K, capacity 656K, committed 768K, reserved 1048576K
}
Event: 15.918 GC heap before
{Heap before GC invocations=16 (full 4):
 PSYoungGen      total 254464K, used 217088K [0x00000000eab00000, 0x00000000ff100000, 0x0000000100000000)
  eden space 217088K, 100% used [0x00000000eab00000,0x00000000f7f00000,0x00000000f7f00000)
  from space 37376K, 0% used [0x00000000faf80000,0x00000000faf80000,0x00000000fd400000)
  to   space 49664K, 0% used [0x00000000f7f00000,0x00000000f7f00000,0x00000000faf80000)
 ParOldGen       total 83968K, used 83911K [0x00000000c0000000, 0x00000000c5200000, 0x00000000eab00000)
  object space 83968K, 99% used [0x00000000c0000000,0x00000000c51f1fe8,0x00000000c5200000)
 Metaspace       used 6610K, capacity 7320K, committed 7680K, reserved 1056768K
  class space    used 628K, capacity 656K, committed 768K, reserved 1048576K
Event: 16.949 GC heap after
Heap after GC invocations=16 (full 4):
 PSYoungGen      total 254464K, used 84832K [0x00000000eab00000, 0x00000000ff100000, 0x0000000100000000)
  eden space 217088K, 39% used [0x00000000eab00000,0x00000000efdd8358,0x00000000f7f00000)
  from space 37376K, 0% used [0x00000000faf80000,0x00000000faf80000,0x00000000fd400000)
  to   space 49664K, 0% used [0x00000000f7f00000,0x00000000f7f00000,0x00000000faf80000)
 ParOldGen       total 83968K, used 83737K [0x00000000c0000000, 0x00000000c5200000, 0x00000000eab00000)
  object space 83968K, 99% used [0x00000000c0000000,0x00000000c51c6508,0x00000000c5200000)
 Metaspace       used 6610K, capacity 7320K, committed 7680K, reserved 1056768K
  class space    used 628K, capacity 656K, committed 768K, reserved 1048576K
}
Event: 17.661 GC heap before
{Heap before GC invocations=17 (full 5):
 PSYoungGen      total 254464K, used 217088K [0x00000000eab00000, 0x00000000ff100000, 0x0000000100000000)
  eden space 217088K, 100% used [0x00000000eab00000,0x00000000f7f00000,0x00000000f7f00000)
  from space 37376K, 0% used [0x00000000faf80000,0x00000000faf80000,0x00000000fd400000)
  to   space 49664K, 0% used [0x00000000f7f00000,0x00000000f7f00000,0x00000000faf80000)
 ParOldGen       total 83968K, used 83737K [0x00000000c0000000, 0x00000000c5200000, 0x00000000eab00000)
  object space 83968K, 99% used [0x00000000c0000000,0x00000000c51c6508,0x00000000c5200000)
 Metaspace       used 6625K, capacity 7320K, committed 7680K, reserved 1056768K
  class space    used 628K, capacity 656K, committed 768K, reserved 1048576K
Event: 19.021 GC heap after
Heap after GC invocations=17 (full 5):
 PSYoungGen      total 254464K, used 102555K [0x00000000eab00000, 0x00000000ff100000, 0x0000000100000000)
  eden space 217088K, 47% used [0x00000000eab00000,0x00000000f0f26e40,0x00000000f7f00000)
  from space 37376K, 0% used [0x00000000faf80000,0x00000000faf80000,0x00000000fd400000)
  to   space 49664K, 0% used [0x00000000f7f00000,0x00000000f7f00000,0x00000000faf80000)
 ParOldGen       total 83968K, used 83734K [0x00000000c0000000, 0x00000000c5200000, 0x00000000eab00000)
  object space 83968K, 99% used [0x00000000c0000000,0x00000000c51c5ac8,0x00000000c5200000)
 Metaspace       used 6625K, capacity 7320K, committed 7680K, reserved 1056768K
  class space    used 628K, capacity 656K, committed 768K, reserved 1048576K
}
Event: 19.607 GC heap before
{Heap before GC invocations=18 (full 6):
 PSYoungGen      total 254464K, used 217088K [0x00000000eab00000, 0x00000000ff100000, 0x0000000100000000)
  eden space 217088K, 100% used [0x00000000eab00000,0x00000000f7f00000,0x00000000f7f00000)
  from space 37376K, 0% used [0x00000000faf80000,0x00000000faf80000,0x00000000fd400000)
  to   space 49664K, 0% used [0x00000000f7f00000,0x00000000f7f00000,0x00000000faf80000)
 ParOldGen       total 83968K, used 83734K [0x00000000c0000000, 0x00000000c5200000, 0x00000000eab00000)
  object space 83968K, 99% used [0x00000000c0000000,0x00000000c51c5ac8,0x00000000c5200000)
 Metaspace       used 6634K, capacity 7320K, committed 7680K, reserved 1056768K
  class space    used 628K, capacity 656K, committed 768K, reserved 1048576K
Event: 21.182 GC heap after
Heap after GC invocations=18 (full 6):
 PSYoungGen      total 254464K, used 119137K [0x00000000eab00000, 0x00000000ff100000, 0x0000000100000000)
  eden space 217088K, 54% used [0x00000000eab00000,0x00000000f1f585c0,0x00000000f7f00000)
  from space 37376K, 0% used [0x00000000faf80000,0x00000000faf80000,0x00000000fd400000)
  to   space 49664K, 0% used [0x00000000f7f00000,0x00000000f7f00000,0x00000000faf80000)
 ParOldGen       total 83968K, used 83732K [0x00000000c0000000, 0x00000000c5200000, 0x00000000eab00000)
  object space 83968K, 99% used [0x00000000c0000000,0x00000000c51c5068,0x00000000c5200000)
 Metaspace       used 6634K, capacity 7320K, committed 7680K, reserved 1056768K
  class space    used 628K, capacity 656K, committed 768K, reserved 1048576K
}
Event: 22.235 GC heap before
{Heap before GC invocations=19 (full 7):
 PSYoungGen      total 254464K, used 217088K [0x00000000eab00000, 0x00000000ff100000, 0x0000000100000000)
  eden space 217088K, 100% used [0x00000000eab00000,0x00000000f7f00000,0x00000000f7f00000)
  from space 37376K, 0% used [0x00000000faf80000,0x00000000faf80000,0x00000000fd400000)
  to   space 49664K, 0% used [0x00000000f7f00000,0x00000000f7f00000,0x00000000faf80000)
 ParOldGen       total 83968K, used 83732K [0x00000000c0000000, 0x00000000c5200000, 0x00000000eab00000)
  object space 83968K, 99% used [0x00000000c0000000,0x00000000c51c5068,0x00000000c5200000)
 Metaspace       used 6734K, capacity 7384K, committed 7680K, reserved 1056768K
  class space    used 634K, capacity 656K, committed 768K, reserved 1048576K

