# JRE version: Java(TM) SE Runtime Environment (8.0_102-b14) (build 1.8.0_102-b14)
# Java VM: Java HotSpot(TM) 64-Bit Server VM (25.102-b14 mixed mode windows-amd64 compressed oops)
Heap:
 PSYoungGen      total 231424K, used 10210K [0x00000000eab00000, 0x0000000100000000, 0x0000000100000000)
  eden space 221184K, 0% used [0x00000000eab00000,0x00000000eab00000,0x00000000f8300000)
  from space 10240K, 99% used [0x00000000fb800000,0x00000000fc1f8988,0x00000000fc200000)
  to   space 54272K, 0% used [0x00000000f8300000,0x00000000f8300000,0x00000000fb800000)
 ParOldGen       total 106496K, used 105506K [0x00000000c0000000, 0x00000000c6800000, 0x00000000eab00000)
  object space 106496K, 99% used [0x00000000c0000000,0x00000000c6708918,0x00000000c6800000)
 Metaspace       used 6586K, capacity 7256K, committed 7424K, reserved 1056768K
  class space    used 628K, capacity 656K, committed 768K, reserved 1048576K
GC Heap History (10 events):
Event: 4.125 GC heap after
Heap after GC invocations=7 (full 0):
 PSYoungGen      total 144896K, used 16380K [0x00000000eab00000, 0x00000000fdb00000, 0x0000000100000000)
  eden space 128512K, 0% used [0x00000000eab00000,0x00000000eab00000,0x00000000f2880000)
  from space 16384K, 99% used [0x00000000f2880000,0x00000000f387f330,0x00000000f3880000)
  to   space 27136K, 0% used [0x00000000fc080000,0x00000000fc080000,0x00000000fdb00000)
 ParOldGen       total 44032K, used 32418K [0x00000000c0000000, 0x00000000c2b00000, 0x00000000eab00000)
  object space 44032K, 73% used [0x00000000c0000000,0x00000000c1fa8a08,0x00000000c2b00000)
 Metaspace       used 6530K, capacity 7256K, committed 7424K, reserved 1056768K
  class space    used 627K, capacity 656K, committed 768K, reserved 1048576K
}
Event: 4.125 GC heap before
{Heap before GC invocations=8 (full 1):
 PSYoungGen      total 144896K, used 16380K [0x00000000eab00000, 0x00000000fdb00000, 0x0000000100000000)
  eden space 128512K, 0% used [0x00000000eab00000,0x00000000eab00000,0x00000000f2880000)
  from space 16384K, 99% used [0x00000000f2880000,0x00000000f387f330,0x00000000f3880000)
  to   space 27136K, 0% used [0x00000000fc080000,0x00000000fc080000,0x00000000fdb00000)
 ParOldGen       total 44032K, used 32418K [0x00000000c0000000, 0x00000000c2b00000, 0x00000000eab00000)
  object space 44032K, 73% used [0x00000000c0000000,0x00000000c1fa8a08,0x00000000c2b00000)
 Metaspace       used 6530K, capacity 7256K, committed 7424K, reserved 1056768K
  class space    used 627K, capacity 656K, committed 768K, reserved 1048576K
Event: 4.709 GC heap after
Heap after GC invocations=8 (full 1):
 PSYoungGen      total 144896K, used 2029K [0x00000000eab00000, 0x00000000fdb00000, 0x0000000100000000)
  eden space 128512K, 0% used [0x00000000eab00000,0x00000000eab00000,0x00000000f2880000)
  from space 16384K, 12% used [0x00000000f2880000,0x00000000f2a7b7a8,0x00000000f3880000)
  to   space 27136K, 0% used [0x00000000fc080000,0x00000000fc080000,0x00000000fdb00000)
 ParOldGen       total 86528K, used 43931K [0x00000000c0000000, 0x00000000c5480000, 0x00000000eab00000)
  object space 86528K, 50% used [0x00000000c0000000,0x00000000c2ae6ca0,0x00000000c5480000)
 Metaspace       used 6530K, capacity 7256K, committed 7424K, reserved 1056768K
  class space    used 627K, capacity 656K, committed 768K, reserved 1048576K
}
Event: 5.547 GC heap before
{Heap before GC invocations=9 (full 1):
 PSYoungGen      total 144896K, used 130541K [0x00000000eab00000, 0x00000000fdb00000, 0x0000000100000000)
  eden space 128512K, 100% used [0x00000000eab00000,0x00000000f2880000,0x00000000f2880000)
  from space 16384K, 12% used [0x00000000f2880000,0x00000000f2a7b7a8,0x00000000f3880000)
  to   space 27136K, 0% used [0x00000000fc080000,0x00000000fc080000,0x00000000fdb00000)
 ParOldGen       total 86528K, used 43931K [0x00000000c0000000, 0x00000000c5480000, 0x00000000eab00000)
  object space 86528K, 50% used [0x00000000c0000000,0x00000000c2ae6ca0,0x00000000c5480000)
 Metaspace       used 6559K, capacity 7256K, committed 7424K, reserved 1056768K
  class space    used 628K, capacity 656K, committed 768K, reserved 1048576K
Event: 5.617 GC heap after
Heap after GC invocations=9 (full 1):
 PSYoungGen      total 190976K, used 20769K [0x00000000eab00000, 0x00000000fd500000, 0x0000000100000000)
  eden space 169984K, 0% used [0x00000000eab00000,0x00000000eab00000,0x00000000f5100000)
  from space 20992K, 98% used [0x00000000fc080000,0x00000000fd4c87a8,0x00000000fd500000)
  to   space 29696K, 0% used [0x00000000f9b00000,0x00000000f9b00000,0x00000000fb800000)
 ParOldGen       total 86528K, used 43939K [0x00000000c0000000, 0x00000000c5480000, 0x00000000eab00000)
  object space 86528K, 50% used [0x00000000c0000000,0x00000000c2ae8ca0,0x00000000c5480000)
 Metaspace       used 6559K, capacity 7256K, committed 7424K, reserved 1056768K
  class space    used 628K, capacity 656K, committed 768K, reserved 1048576K
}
Event: 6.510 GC heap before
{Heap before GC invocations=10 (full 1):
 PSYoungGen      total 190976K, used 190753K [0x00000000eab00000, 0x00000000fd500000, 0x0000000100000000)
  eden space 169984K, 100% used [0x00000000eab00000,0x00000000f5100000,0x00000000f5100000)
  from space 20992K, 98% used [0x00000000fc080000,0x00000000fd4c87a8,0x00000000fd500000)
  to   space 29696K, 0% used [0x00000000f9b00000,0x00000000f9b00000,0x00000000fb800000)
 ParOldGen       total 86528K, used 43939K [0x00000000c0000000, 0x00000000c5480000, 0x00000000eab00000)
  object space 86528K, 50% used [0x00000000c0000000,0x00000000c2ae8ca0,0x00000000c5480000)
 Metaspace       used 6580K, capacity 7256K, committed 7424K, reserved 1056768K
  class space    used 628K, capacity 656K, committed 768K, reserved 1048576K
Event: 6.613 GC heap after
Heap after GC invocations=10 (full 1):
 PSYoungGen      total 236544K, used 29688K [0x00000000eab00000, 0x00000000fc200000, 0x0000000100000000)
  eden space 206848K, 0% used [0x00000000eab00000,0x00000000eab00000,0x00000000f7500000)
  from space 29696K, 99% used [0x00000000f9b00000,0x00000000fb7fe2c8,0x00000000fb800000)
  to   space 10240K, 0% used [0x00000000fb800000,0x00000000fb800000,0x00000000fc200000)
 ParOldGen       total 86528K, used 54541K [0x00000000c0000000, 0x00000000c5480000, 0x00000000eab00000)
  object space 86528K, 63% used [0x00000000c0000000,0x00000000c3543758,0x00000000c5480000)
 Metaspace       used 6580K, capacity 7256K, committed 7424K, reserved 1056768K
  class space    used 628K, capacity 656K, committed 768K, reserved 1048576K
}
Event: 7.820 GC heap before
{Heap before GC invocations=11 (full 1):
 PSYoungGen      total 236544K, used 236536K [0x00000000eab00000, 0x00000000fc200000, 0x0000000100000000)
  eden space 206848K, 100% used [0x00000000eab00000,0x00000000f7500000,0x00000000f7500000)
  from space 29696K, 99% used [0x00000000f9b00000,0x00000000fb7fe2c8,0x00000000fb800000)
  to   space 10240K, 0% used [0x00000000fb800000,0x00000000fb800000,0x00000000fc200000)
 ParOldGen       total 86528K, used 54541K [0x00000000c0000000, 0x00000000c5480000, 0x00000000eab00000)
  object space 86528K, 63% used [0x00000000c0000000,0x00000000c3543758,0x00000000c5480000)
 Metaspace       used 6586K, capacity 7256K, committed 7424K, reserved 1056768K
  class space    used 628K, capacity 656K, committed 768K, reserved 1048576K
Event: 8.007 GC heap after
Heap after GC invocations=11 (full 1):
 PSYoungGen      total 231424K, used 10210K [0x00000000eab00000, 0x0000000100000000, 0x0000000100000000)
  eden space 221184K, 0% used [0x00000000eab00000,0x00000000eab00000,0x00000000f8300000)
  from space 10240K, 99% used [0x00000000fb800000,0x00000000fc1f8988,0x00000000fc200000)
  to   space 54272K, 0% used [0x00000000f8300000,0x00000000f8300000,0x00000000fb800000)
 ParOldGen       total 106496K, used 105506K [0x00000000c0000000, 0x00000000c6800000, 0x00000000eab00000)
  object space 106496K, 99% used [0x00000000c0000000,0x00000000c6708918,0x00000000c6800000)
 Metaspace       used 6586K, capacity 7256K, committed 7424K, reserved 1056768K
  class space    used 628K, capacity 656K, committed 768K, reserved 1048576K
}
Event: 8.007 GC heap before
{Heap before GC invocations=12 (full 2):
 PSYoungGen      total 231424K, used 10210K [0x00000000eab00000, 0x0000000100000000, 0x0000000100000000)
  eden space 221184K, 0% used [0x00000000eab00000,0x00000000eab00000,0x00000000f8300000)
  from space 10240K, 99% used [0x00000000fb800000,0x00000000fc1f8988,0x00000000fc200000)
  to   space 54272K, 0% used [0x00000000f8300000,0x00000000f8300000,0x00000000fb800000)
 ParOldGen       total 106496K, used 105506K [0x00000000c0000000, 0x00000000c6800000, 0x00000000eab00000)
  object space 106496K, 99% used [0x00000000c0000000,0x00000000c6708918,0x00000000c6800000)
 Metaspace       used 6586K, capacity 7256K, committed 7424K, reserved 1056768K
  class space    used 628K, capacity 656K, committed 768K, reserved 1048576K

