# JRE version: Java(TM) SE Runtime Environment (8.0_102-b14) (build 1.8.0_102-b14)
# Java VM: Java HotSpot(TM) 64-Bit Server VM (25.102-b14 mixed mode windows-amd64 compressed oops)
Heap:
 PSYoungGen      total 223232K, used 107319K [0x00000000eab00000, 0x00000000fac80000, 0x0000000100000000)
  eden space 182784K, 58% used [0x00000000eab00000,0x00000000f13cdf08,0x00000000f5d80000)
  from space 40448K, 0% used [0x00000000f8500000,0x00000000f8500000,0x00000000fac80000)
  to   space 31744K, 0% used [0x00000000f6100000,0x00000000f6100000,0x00000000f8000000)
 ParOldGen       total 166400K, used 82384K [0x00000000c0000000, 0x00000000ca280000, 0x00000000eab00000)
  object space 166400K, 49% used [0x00000000c0000000,0x00000000c50741c8,0x00000000ca280000)
 Metaspace       used 6609K, capacity 7320K, committed 7680K, reserved 1056768K
  class space    used 628K, capacity 656K, committed 768K, reserved 1048576K
GC Heap History (10 events):
Event: 5.980 GC heap before
{Heap before GC invocations=11 (full 1):
 PSYoungGen      total 144384K, used 130518K [0x00000000eab00000, 0x00000000fa700000, 0x0000000100000000)
  eden space 123904K, 100% used [0x00000000eab00000,0x00000000f2400000,0x00000000f2400000)
  from space 20480K, 32% used [0x00000000f2400000,0x00000000f2a75a50,0x00000000f3800000)
  to   space 29696K, 0% used [0x00000000f8a00000,0x00000000f8a00000,0x00000000fa700000)
 ParOldGen       total 82432K, used 43991K [0x00000000c0000000, 0x00000000c5080000, 0x00000000eab00000)
  object space 82432K, 53% used [0x00000000c0000000,0x00000000c2af5d58,0x00000000c5080000)
 Metaspace       used 6586K, capacity 7256K, committed 7424K, reserved 1056768K
  class space    used 628K, capacity 656K, committed 768K, reserved 1048576K
Event: 6.255 GC heap after
Heap after GC invocations=11 (full 1):
 PSYoungGen      total 173568K, used 21277K [0x00000000eab00000, 0x00000000f9f00000, 0x0000000100000000)
  eden space 152064K, 0% used [0x00000000eab00000,0x00000000eab00000,0x00000000f3f80000)
  from space 21504K, 98% used [0x00000000f8a00000,0x00000000f9ec75d8,0x00000000f9f00000)
  to   space 31744K, 0% used [0x00000000f6100000,0x00000000f6100000,0x00000000f8000000)
 ParOldGen       total 82432K, used 45462K [0x00000000c0000000, 0x00000000c5080000, 0x00000000eab00000)
  object space 82432K, 55% used [0x00000000c0000000,0x00000000c2c65a00,0x00000000c5080000)
 Metaspace       used 6586K, capacity 7256K, committed 7424K, reserved 1056768K
  class space    used 628K, capacity 656K, committed 768K, reserved 1048576K
}
Event: 10.740 GC heap before
{Heap before GC invocations=12 (full 1):
 PSYoungGen      total 173568K, used 173341K [0x00000000eab00000, 0x00000000f9f00000, 0x0000000100000000)
  eden space 152064K, 100% used [0x00000000eab00000,0x00000000f3f80000,0x00000000f3f80000)
  from space 21504K, 98% used [0x00000000f8a00000,0x00000000f9ec75d8,0x00000000f9f00000)
  to   space 31744K, 0% used [0x00000000f6100000,0x00000000f6100000,0x00000000f8000000)
 ParOldGen       total 82432K, used 45462K [0x00000000c0000000, 0x00000000c5080000, 0x00000000eab00000)
  object space 82432K, 55% used [0x00000000c0000000,0x00000000c2c65a00,0x00000000c5080000)
 Metaspace       used 6595K, capacity 7256K, committed 7424K, reserved 1056768K
  class space    used 628K, capacity 656K, committed 768K, reserved 1048576K
Event: 10.893 GC heap after
Heap after GC invocations=12 (full 1):
 PSYoungGen      total 214528K, used 31727K [0x00000000eab00000, 0x00000000fac80000, 0x0000000100000000)
  eden space 182784K, 0% used [0x00000000eab00000,0x00000000eab00000,0x00000000f5d80000)
  from space 31744K, 99% used [0x00000000f6100000,0x00000000f7ffbe68,0x00000000f8000000)
  to   space 40448K, 0% used [0x00000000f8500000,0x00000000f8500000,0x00000000fac80000)
 ParOldGen       total 82432K, used 55289K [0x00000000c0000000, 0x00000000c5080000, 0x00000000eab00000)
  object space 82432K, 67% used [0x00000000c0000000,0x00000000c35fe550,0x00000000c5080000)
 Metaspace       used 6595K, capacity 7256K, committed 7424K, reserved 1056768K
  class space    used 628K, capacity 656K, committed 768K, reserved 1048576K
}
Event: 11.769 GC heap before
{Heap before GC invocations=13 (full 1):
 PSYoungGen      total 214528K, used 214511K [0x00000000eab00000, 0x00000000fac80000, 0x0000000100000000)
  eden space 182784K, 100% used [0x00000000eab00000,0x00000000f5d80000,0x00000000f5d80000)
  from space 31744K, 99% used [0x00000000f6100000,0x00000000f7ffbe68,0x00000000f8000000)
  to   space 40448K, 0% used [0x00000000f8500000,0x00000000f8500000,0x00000000fac80000)
 ParOldGen       total 82432K, used 55289K [0x00000000c0000000, 0x00000000c5080000, 0x00000000eab00000)
  object space 82432K, 67% used [0x00000000c0000000,0x00000000c35fe550,0x00000000c5080000)
 Metaspace       used 6601K, capacity 7320K, committed 7680K, reserved 1056768K
  class space    used 628K, capacity 656K, committed 768K, reserved 1048576K
Event: 11.911 GC heap after
Heap after GC invocations=13 (full 1):
 PSYoungGen      total 223232K, used 40432K [0x00000000eab00000, 0x00000000fac80000, 0x0000000100000000)
  eden space 182784K, 0% used [0x00000000eab00000,0x00000000eab00000,0x00000000f5d80000)
  from space 40448K, 99% used [0x00000000f8500000,0x00000000fac7c250,0x00000000fac80000)
  to   space 31744K, 0% used [0x00000000f6100000,0x00000000f6100000,0x00000000f8000000)
 ParOldGen       total 82432K, used 75775K [0x00000000c0000000, 0x00000000c5080000, 0x00000000eab00000)
  object space 82432K, 91% used [0x00000000c0000000,0x00000000c49ffe10,0x00000000c5080000)
 Metaspace       used 6601K, capacity 7320K, committed 7680K, reserved 1056768K
  class space    used 628K, capacity 656K, committed 768K, reserved 1048576K
}
Event: 11.911 GC heap before
{Heap before GC invocations=14 (full 2):
 PSYoungGen      total 223232K, used 40432K [0x00000000eab00000, 0x00000000fac80000, 0x0000000100000000)
  eden space 182784K, 0% used [0x00000000eab00000,0x00000000eab00000,0x00000000f5d80000)
  from space 40448K, 99% used [0x00000000f8500000,0x00000000fac7c250,0x00000000fac80000)
  to   space 31744K, 0% used [0x00000000f6100000,0x00000000f6100000,0x00000000f8000000)
 ParOldGen       total 82432K, used 75775K [0x00000000c0000000, 0x00000000c5080000, 0x00000000eab00000)
  object space 82432K, 91% used [0x00000000c0000000,0x00000000c49ffe10,0x00000000c5080000)
 Metaspace       used 6601K, capacity 7320K, committed 7680K, reserved 1056768K
  class space    used 628K, capacity 656K, committed 768K, reserved 1048576K
Event: 13.375 GC heap after
Heap after GC invocations=14 (full 2):
 PSYoungGen      total 223232K, used 30129K [0x00000000eab00000, 0x00000000fac80000, 0x0000000100000000)
  eden space 182784K, 0% used [0x00000000eab00000,0x00000000eab00000,0x00000000f5d80000)
  from space 40448K, 74% used [0x00000000f8500000,0x00000000fa26c4d0,0x00000000fac80000)
  to   space 31744K, 0% used [0x00000000f6100000,0x00000000f6100000,0x00000000f8000000)
 ParOldGen       total 82432K, used 82087K [0x00000000c0000000, 0x00000000c5080000, 0x00000000eab00000)
  object space 82432K, 99% used [0x00000000c0000000,0x00000000c5029ca8,0x00000000c5080000)
 Metaspace       used 6601K, capacity 7320K, committed 7680K, reserved 1056768K
  class space    used 628K, capacity 656K, committed 768K, reserved 1048576K
}
Event: 14.228 GC heap before
{Heap before GC invocations=15 (full 3):
 PSYoungGen      total 223232K, used 212913K [0x00000000eab00000, 0x00000000fac80000, 0x0000000100000000)
  eden space 182784K, 100% used [0x00000000eab00000,0x00000000f5d80000,0x00000000f5d80000)
  from space 40448K, 74% used [0x00000000f8500000,0x00000000fa26c4d0,0x00000000fac80000)
  to   space 31744K, 0% used [0x00000000f6100000,0x00000000f6100000,0x00000000f8000000)
 ParOldGen       total 82432K, used 82087K [0x00000000c0000000, 0x00000000c5080000, 0x00000000eab00000)
  object space 82432K, 99% used [0x00000000c0000000,0x00000000c5029ca8,0x00000000c5080000)
 Metaspace       used 6606K, capacity 7320K, committed 7680K, reserved 1056768K
  class space    used 628K, capacity 656K, committed 768K, reserved 1048576K
Event: 15.848 GC heap after
Heap after GC invocations=15 (full 3):
 PSYoungGen      total 223232K, used 56355K [0x00000000eab00000, 0x00000000fac80000, 0x0000000100000000)
  eden space 182784K, 30% used [0x00000000eab00000,0x00000000ee208ca0,0x00000000f5d80000)
  from space 40448K, 0% used [0x00000000f8500000,0x00000000f8500000,0x00000000fac80000)
  to   space 31744K, 0% used [0x00000000f6100000,0x00000000f6100000,0x00000000f8000000)
 ParOldGen       total 166400K, used 82384K [0x00000000c0000000, 0x00000000ca280000, 0x00000000eab00000)
  object space 166400K, 49% used [0x00000000c0000000,0x00000000c50741c8,0x00000000ca280000)
 Metaspace       used 6606K, capacity 7320K, committed 7680K, reserved 1056768K
  class space    used 628K, capacity 656K, committed 768K, reserved 1048576K
}

