# JRE version: Java(TM) SE Runtime Environment (8.0_102-b14) (build 1.8.0_102-b14)
# Java VM: Java HotSpot(TM) 64-Bit Server VM (25.102-b14 mixed mode windows-amd64 compressed oops)
Heap:
 PSYoungGen      total 168960K, used 155350K [0x00000000eab00000, 0x00000000f8e00000, 0x0000000100000000)
  eden space 135168K, 89% used [0x00000000eab00000,0x00000000f21b9d28,0x00000000f2f00000)
  from space 33792K, 99% used [0x00000000f5900000,0x00000000f79fbdb8,0x00000000f7a00000)
  to   space 43008K, 0% used [0x00000000f2f00000,0x00000000f2f00000,0x00000000f5900000)
 ParOldGen       total 85504K, used 61629K [0x00000000c0000000, 0x00000000c5380000, 0x00000000eab00000)
  object space 85504K, 72% used [0x00000000c0000000,0x00000000c3c2f4f8,0x00000000c5380000)
 Metaspace       used 6604K, capacity 7320K, committed 7680K, reserved 1056768K
  class space    used 628K, capacity 656K, committed 768K, reserved 1048576K
GC Heap History (10 events):
Event: 3.615 GC heap before
{Heap before GC invocations=7 (full 0):
 PSYoungGen      total 142336K, used 141378K [0x00000000eab00000, 0x00000000f4b00000, 0x0000000100000000)
  eden space 128512K, 100% used [0x00000000eab00000,0x00000000f2880000,0x00000000f2880000)
  from space 13824K, 93% used [0x00000000f3880000,0x00000000f45109c0,0x00000000f4600000)
  to   space 16384K, 0% used [0x00000000f2880000,0x00000000f2880000,0x00000000f3880000)
 ParOldGen       total 44032K, used 18503K [0x00000000c0000000, 0x00000000c2b00000, 0x00000000eab00000)
  object space 44032K, 42% used [0x00000000c0000000,0x00000000c1211d30,0x00000000c2b00000)
 Metaspace       used 6531K, capacity 7256K, committed 7424K, reserved 1056768K
  class space    used 627K, capacity 656K, committed 768K, reserved 1048576K
Event: 3.702 GC heap after
Heap after GC invocations=7 (full 0):
 PSYoungGen      total 144896K, used 16377K [0x00000000eab00000, 0x00000000f4b00000, 0x0000000100000000)
  eden space 128512K, 0% used [0x00000000eab00000,0x00000000eab00000,0x00000000f2880000)
  from space 16384K, 99% used [0x00000000f2880000,0x00000000f387e538,0x00000000f3880000)
  to   space 13824K, 0% used [0x00000000f3880000,0x00000000f3880000,0x00000000f4600000)
 ParOldGen       total 44032K, used 33319K [0x00000000c0000000, 0x00000000c2b00000, 0x00000000eab00000)
  object space 44032K, 75% used [0x00000000c0000000,0x00000000c2089fb8,0x00000000c2b00000)
 Metaspace       used 6531K, capacity 7256K, committed 7424K, reserved 1056768K
  class space    used 627K, capacity 656K, committed 768K, reserved 1048576K
}
Event: 3.702 GC heap before
{Heap before GC invocations=8 (full 1):
 PSYoungGen      total 144896K, used 16377K [0x00000000eab00000, 0x00000000f4b00000, 0x0000000100000000)
  eden space 128512K, 0% used [0x00000000eab00000,0x00000000eab00000,0x00000000f2880000)
  from space 16384K, 99% used [0x00000000f2880000,0x00000000f387e538,0x00000000f3880000)
  to   space 13824K, 0% used [0x00000000f3880000,0x00000000f3880000,0x00000000f4600000)
 ParOldGen       total 44032K, used 33319K [0x00000000c0000000, 0x00000000c2b00000, 0x00000000eab00000)
  object space 44032K, 75% used [0x00000000c0000000,0x00000000c2089fb8,0x00000000c2b00000)
 Metaspace       used 6531K, capacity 7256K, committed 7424K, reserved 1056768K
  class space    used 627K, capacity 656K, committed 768K, reserved 1048576K
Event: 4.189 GC heap after
Heap after GC invocations=8 (full 1):
 PSYoungGen      total 144896K, used 3050K [0x00000000eab00000, 0x00000000f4b00000, 0x0000000100000000)
  eden space 128512K, 0% used [0x00000000eab00000,0x00000000eab00000,0x00000000f2880000)
  from space 16384K, 18% used [0x00000000f2880000,0x00000000f2b7aaa0,0x00000000f3880000)
  to   space 13824K, 0% used [0x00000000f3880000,0x00000000f3880000,0x00000000f4600000)
 ParOldGen       total 85504K, used 43741K [0x00000000c0000000, 0x00000000c5380000, 0x00000000eab00000)
  object space 85504K, 51% used [0x00000000c0000000,0x00000000c2ab75c8,0x00000000c5380000)
 Metaspace       used 6531K, capacity 7256K, committed 7424K, reserved 1056768K
  class space    used 627K, capacity 656K, committed 768K, reserved 1048576K
}
Event: 5.051 GC heap before
{Heap before GC invocations=9 (full 1):
 PSYoungGen      total 144896K, used 131562K [0x00000000eab00000, 0x00000000f4b00000, 0x0000000100000000)
  eden space 128512K, 100% used [0x00000000eab00000,0x00000000f2880000,0x00000000f2880000)
  from space 16384K, 18% used [0x00000000f2880000,0x00000000f2b7aaa0,0x00000000f3880000)
  to   space 13824K, 0% used [0x00000000f3880000,0x00000000f3880000,0x00000000f4600000)
 ParOldGen       total 85504K, used 43741K [0x00000000c0000000, 0x00000000c5380000, 0x00000000eab00000)
  object space 85504K, 51% used [0x00000000c0000000,0x00000000c2ab75c8,0x00000000c5380000)
 Metaspace       used 6570K, capacity 7256K, committed 7424K, reserved 1056768K
  class space    used 627K, capacity 656K, committed 768K, reserved 1048576K
Event: 5.142 GC heap after
Heap after GC invocations=9 (full 1):
 PSYoungGen      total 128512K, used 13798K [0x00000000eab00000, 0x00000000f9200000, 0x0000000100000000)
  eden space 114688K, 0% used [0x00000000eab00000,0x00000000eab00000,0x00000000f1b00000)
  from space 13824K, 99% used [0x00000000f3880000,0x00000000f45f99a0,0x00000000f4600000)
  to   space 30208K, 0% used [0x00000000f1b00000,0x00000000f1b00000,0x00000000f3880000)
 ParOldGen       total 85504K, used 51257K [0x00000000c0000000, 0x00000000c5380000, 0x00000000eab00000)
  object space 85504K, 59% used [0x00000000c0000000,0x00000000c320e518,0x00000000c5380000)
 Metaspace       used 6570K, capacity 7256K, committed 7424K, reserved 1056768K
  class space    used 627K, capacity 656K, committed 768K, reserved 1048576K
}
Event: 5.644 GC heap before
{Heap before GC invocations=10 (full 1):
 PSYoungGen      total 128512K, used 128486K [0x00000000eab00000, 0x00000000f9200000, 0x0000000100000000)
  eden space 114688K, 100% used [0x00000000eab00000,0x00000000f1b00000,0x00000000f1b00000)
  from space 13824K, 99% used [0x00000000f3880000,0x00000000f45f99a0,0x00000000f4600000)
  to   space 30208K, 0% used [0x00000000f1b00000,0x00000000f1b00000,0x00000000f3880000)
 ParOldGen       total 85504K, used 51257K [0x00000000c0000000, 0x00000000c5380000, 0x00000000eab00000)
  object space 85504K, 59% used [0x00000000c0000000,0x00000000c320e518,0x00000000c5380000)
 Metaspace       used 6586K, capacity 7256K, committed 7424K, reserved 1056768K
  class space    used 628K, capacity 656K, committed 768K, reserved 1048576K
Event: 5.725 GC heap after
Heap after GC invocations=10 (full 1):
 PSYoungGen      total 144896K, used 25101K [0x00000000eab00000, 0x00000000f7a00000, 0x0000000100000000)
  eden space 114688K, 0% used [0x00000000eab00000,0x00000000eab00000,0x00000000f1b00000)
  from space 30208K, 83% used [0x00000000f1b00000,0x00000000f33834c8,0x00000000f3880000)
  to   space 33792K, 0% used [0x00000000f5900000,0x00000000f5900000,0x00000000f7a00000)
 ParOldGen       total 85504K, used 51977K [0x00000000c0000000, 0x00000000c5380000, 0x00000000eab00000)
  object space 85504K, 60% used [0x00000000c0000000,0x00000000c32c2518,0x00000000c5380000)
 Metaspace       used 6586K, capacity 7256K, committed 7424K, reserved 1056768K
  class space    used 628K, capacity 656K, committed 768K, reserved 1048576K
}
Event: 6.434 GC heap before
{Heap before GC invocations=11 (full 1):
 PSYoungGen      total 144896K, used 139789K [0x00000000eab00000, 0x00000000f7a00000, 0x0000000100000000)
  eden space 114688K, 100% used [0x00000000eab00000,0x00000000f1b00000,0x00000000f1b00000)
  from space 30208K, 83% used [0x00000000f1b00000,0x00000000f33834c8,0x00000000f3880000)
  to   space 33792K, 0% used [0x00000000f5900000,0x00000000f5900000,0x00000000f7a00000)
 ParOldGen       total 85504K, used 51977K [0x00000000c0000000, 0x00000000c5380000, 0x00000000eab00000)
  object space 85504K, 60% used [0x00000000c0000000,0x00000000c32c2518,0x00000000c5380000)
 Metaspace       used 6600K, capacity 7320K, committed 7680K, reserved 1056768K
  class space    used 628K, capacity 656K, committed 768K, reserved 1048576K
Event: 6.542 GC heap after
Heap after GC invocations=11 (full 1):
 PSYoungGen      total 168960K, used 33775K [0x00000000eab00000, 0x00000000f8e00000, 0x0000000100000000)
  eden space 135168K, 0% used [0x00000000eab00000,0x00000000eab00000,0x00000000f2f00000)
  from space 33792K, 99% used [0x00000000f5900000,0x00000000f79fbdb8,0x00000000f7a00000)
  to   space 43008K, 0% used [0x00000000f2f00000,0x00000000f2f00000,0x00000000f5900000)
 ParOldGen       total 85504K, used 61629K [0x00000000c0000000, 0x00000000c5380000, 0x00000000eab00000)
  object space 85504K, 72% used [0x00000000c0000000,0x00000000c3c2f4f8,0x00000000c5380000)
 Metaspace       used 6600K, capacity 7320K, committed 7680K, reserved 1056768K
  class space    used 628K, capacity 656K, committed 768K, reserved 1048576K
}

