# JRE version: Java(TM) SE Runtime Environment (8.0_102-b14) (build 1.8.0_102-b14)
# Java VM: Java HotSpot(TM) 64-Bit Server VM (25.102-b14 mixed mode windows-amd64 compressed oops)
Heap:
 PSYoungGen      total 227328K, used 124772K [0x00000000eab00000, 0x00000000fd380000, 0x0000000100000000)
  eden space 194560K, 49% used [0x00000000eab00000,0x00000000f08d7788,0x00000000f6900000)
  from space 32768K, 87% used [0x00000000f6900000,0x00000000f85018c8,0x00000000f8900000)
  to   space 36864K, 0% used [0x00000000faf80000,0x00000000faf80000,0x00000000fd380000)
 ParOldGen       total 84480K, used 62691K [0x00000000c0000000, 0x00000000c5280000, 0x00000000eab00000)
  object space 84480K, 74% used [0x00000000c0000000,0x00000000c3d38df8,0x00000000c5280000)
 Metaspace       used 6594K, capacity 7320K, committed 7680K, reserved 1056768K
  class space    used 628K, capacity 656K, committed 768K, reserved 1048576K
GC Heap History (10 events):
Event: 2.869 GC heap before
{Heap before GC invocations=8 (full 0):
 PSYoungGen      total 74752K, used 74721K [0x00000000eab00000, 0x00000000f4700000, 0x0000000100000000)
  eden space 64000K, 100% used [0x00000000eab00000,0x00000000ee980000,0x00000000ee980000)
  from space 10752K, 99% used [0x00000000ee980000,0x00000000ef3f8710,0x00000000ef400000)
  to   space 15872K, 0% used [0x00000000f3780000,0x00000000f3780000,0x00000000f4700000)
 ParOldGen       total 44032K, used 15408K [0x00000000c0000000, 0x00000000c2b00000, 0x00000000eab00000)
  object space 44032K, 34% used [0x00000000c0000000,0x00000000c0f0c1d8,0x00000000c2b00000)
 Metaspace       used 6468K, capacity 7192K, committed 7424K, reserved 1056768K
  class space    used 627K, capacity 656K, committed 768K, reserved 1048576K
Event: 2.928 GC heap after
Heap after GC invocations=8 (full 0):
 PSYoungGen      total 139264K, used 15868K [0x00000000eab00000, 0x00000000f5000000, 0x0000000100000000)
  eden space 123392K, 0% used [0x00000000eab00000,0x00000000eab00000,0x00000000f2380000)
  from space 15872K, 99% used [0x00000000f3780000,0x00000000f46ff110,0x00000000f4700000)
  to   space 20480K, 0% used [0x00000000f2380000,0x00000000f2380000,0x00000000f3780000)
 ParOldGen       total 44032K, used 19879K [0x00000000c0000000, 0x00000000c2b00000, 0x00000000eab00000)
  object space 44032K, 45% used [0x00000000c0000000,0x00000000c1369de8,0x00000000c2b00000)
 Metaspace       used 6468K, capacity 7192K, committed 7424K, reserved 1056768K
  class space    used 627K, capacity 656K, committed 768K, reserved 1048576K
}
Event: 3.684 GC heap before
{Heap before GC invocations=9 (full 0):
 PSYoungGen      total 139264K, used 139260K [0x00000000eab00000, 0x00000000f5000000, 0x0000000100000000)
  eden space 123392K, 100% used [0x00000000eab00000,0x00000000f2380000,0x00000000f2380000)
  from space 15872K, 99% used [0x00000000f3780000,0x00000000f46ff110,0x00000000f4700000)
  to   space 20480K, 0% used [0x00000000f2380000,0x00000000f2380000,0x00000000f3780000)
 ParOldGen       total 44032K, used 19879K [0x00000000c0000000, 0x00000000c2b00000, 0x00000000eab00000)
  object space 44032K, 45% used [0x00000000c0000000,0x00000000c1369de8,0x00000000c2b00000)
 Metaspace       used 6512K, capacity 7256K, committed 7424K, reserved 1056768K
  class space    used 627K, capacity 656K, committed 768K, reserved 1048576K
Event: 3.765 GC heap after
Heap after GC invocations=9 (full 0):
 PSYoungGen      total 143872K, used 20474K [0x00000000eab00000, 0x00000000fa600000, 0x0000000100000000)
  eden space 123392K, 0% used [0x00000000eab00000,0x00000000eab00000,0x00000000f2380000)
  from space 20480K, 99% used [0x00000000f2380000,0x00000000f377e870,0x00000000f3780000)
  to   space 29696K, 0% used [0x00000000f8900000,0x00000000f8900000,0x00000000fa600000)
 ParOldGen       total 44032K, used 32544K [0x00000000c0000000, 0x00000000c2b00000, 0x00000000eab00000)
  object space 44032K, 73% used [0x00000000c0000000,0x00000000c1fc81b0,0x00000000c2b00000)
 Metaspace       used 6512K, capacity 7256K, committed 7424K, reserved 1056768K
  class space    used 627K, capacity 656K, committed 768K, reserved 1048576K
}
Event: 4.368 GC heap before
{Heap before GC invocations=10 (full 0):
 PSYoungGen      total 143872K, used 143866K [0x00000000eab00000, 0x00000000fa600000, 0x0000000100000000)
  eden space 123392K, 100% used [0x00000000eab00000,0x00000000f2380000,0x00000000f2380000)
  from space 20480K, 99% used [0x00000000f2380000,0x00000000f377e870,0x00000000f3780000)
  to   space 29696K, 0% used [0x00000000f8900000,0x00000000f8900000,0x00000000fa600000)
 ParOldGen       total 44032K, used 32544K [0x00000000c0000000, 0x00000000c2b00000, 0x00000000eab00000)
  object space 44032K, 73% used [0x00000000c0000000,0x00000000c1fc81b0,0x00000000c2b00000)
 Metaspace       used 6577K, capacity 7256K, committed 7424K, reserved 1056768K
  class space    used 628K, capacity 656K, committed 768K, reserved 1048576K
Event: 4.458 GC heap after
Heap after GC invocations=10 (full 0):
 PSYoungGen      total 224256K, used 24728K [0x00000000eab00000, 0x00000000fac00000, 0x0000000100000000)
  eden space 194560K, 0% used [0x00000000eab00000,0x00000000eab00000,0x00000000f6900000)
  from space 29696K, 83% used [0x00000000f8900000,0x00000000fa126188,0x00000000fa600000)
  to   space 32768K, 0% used [0x00000000f6900000,0x00000000f6900000,0x00000000f8900000)
 ParOldGen       total 44032K, used 43578K [0x00000000c0000000, 0x00000000c2b00000, 0x00000000eab00000)
  object space 44032K, 98% used [0x00000000c0000000,0x00000000c2a8e9c8,0x00000000c2b00000)
 Metaspace       used 6577K, capacity 7256K, committed 7424K, reserved 1056768K
  class space    used 628K, capacity 656K, committed 768K, reserved 1048576K
}
Event: 4.458 GC heap before
{Heap before GC invocations=11 (full 1):
 PSYoungGen      total 224256K, used 24728K [0x00000000eab00000, 0x00000000fac00000, 0x0000000100000000)
  eden space 194560K, 0% used [0x00000000eab00000,0x00000000eab00000,0x00000000f6900000)
  from space 29696K, 83% used [0x00000000f8900000,0x00000000fa126188,0x00000000fa600000)
  to   space 32768K, 0% used [0x00000000f6900000,0x00000000f6900000,0x00000000f8900000)
 ParOldGen       total 44032K, used 43578K [0x00000000c0000000, 0x00000000c2b00000, 0x00000000eab00000)
  object space 44032K, 98% used [0x00000000c0000000,0x00000000c2a8e9c8,0x00000000c2b00000)
 Metaspace       used 6577K, capacity 7256K, committed 7424K, reserved 1056768K
  class space    used 628K, capacity 656K, committed 768K, reserved 1048576K
Event: 5.525 GC heap after
Heap after GC invocations=11 (full 1):
 PSYoungGen      total 224256K, used 19886K [0x00000000eab00000, 0x00000000fac00000, 0x0000000100000000)
  eden space 194560K, 0% used [0x00000000eab00000,0x00000000eab00000,0x00000000f6900000)
  from space 29696K, 66% used [0x00000000f8900000,0x00000000f9c6bb80,0x00000000fa600000)
  to   space 32768K, 0% used [0x00000000f6900000,0x00000000f6900000,0x00000000f8900000)
 ParOldGen       total 84480K, used 43863K [0x00000000c0000000, 0x00000000c5280000, 0x00000000eab00000)
  object space 84480K, 51% used [0x00000000c0000000,0x00000000c2ad5dc8,0x00000000c5280000)
 Metaspace       used 6577K, capacity 7256K, committed 7424K, reserved 1056768K
  class space    used 628K, capacity 656K, committed 768K, reserved 1048576K
}
Event: 6.721 GC heap before
{Heap before GC invocations=12 (full 1):
 PSYoungGen      total 224256K, used 214446K [0x00000000eab00000, 0x00000000fac00000, 0x0000000100000000)
  eden space 194560K, 100% used [0x00000000eab00000,0x00000000f6900000,0x00000000f6900000)
  from space 29696K, 66% used [0x00000000f8900000,0x00000000f9c6bb80,0x00000000fa600000)
  to   space 32768K, 0% used [0x00000000f6900000,0x00000000f6900000,0x00000000f8900000)
 ParOldGen       total 84480K, used 43863K [0x00000000c0000000, 0x00000000c5280000, 0x00000000eab00000)
  object space 84480K, 51% used [0x00000000c0000000,0x00000000c2ad5dc8,0x00000000c5280000)
 Metaspace       used 6589K, capacity 7256K, committed 7424K, reserved 1056768K
  class space    used 628K, capacity 656K, committed 768K, reserved 1048576K
Event: 6.854 GC heap after
Heap after GC invocations=12 (full 1):
 PSYoungGen      total 227328K, used 28678K [0x00000000eab00000, 0x00000000fd380000, 0x0000000100000000)
  eden space 194560K, 0% used [0x00000000eab00000,0x00000000eab00000,0x00000000f6900000)
  from space 32768K, 87% used [0x00000000f6900000,0x00000000f85018c8,0x00000000f8900000)
  to   space 36864K, 0% used [0x00000000faf80000,0x00000000faf80000,0x00000000fd380000)
 ParOldGen       total 84480K, used 62691K [0x00000000c0000000, 0x00000000c5280000, 0x00000000eab00000)
  object space 84480K, 74% used [0x00000000c0000000,0x00000000c3d38df8,0x00000000c5280000)
 Metaspace       used 6589K, capacity 7256K, committed 7424K, reserved 1056768K
  class space    used 628K, capacity 656K, committed 768K, reserved 1048576K
}

